<?xml version="1.0" encoding="UTF-8"?>
<testsuite name="JsonDatabaseTest" tests="1" skipped="0" failures="0" errors="0" timestamp="2023-07-08T08:08:04" hostname="DESKTOP-3TOQ2KT" time="0.64">
  <properties/>
  <testcase name="start" classname="JsonDatabaseTest" time="0.64"/>
  <system-out><![CDATA[?[1;31m
Start test 1?[0m
Server started!
Client started!
Sent: exit
Received: exit
Sent: OK
Received: OK
?[1;31m
Start test 2?[0m
Server started!
Client started!
Sent: get 1
Received: get 1
Sent: ERROR
Received: ERROR
Client started!
Received: set 1 Hello world!
Sent: set 1 Hello world!
Sent: OK
Received: OK
Client started!
Received: set 1 HelloWorld!
Sent: set 1 HelloWorld!
Sent: OK
Received: OK
Client started!
Received: get 1
Sent: get 1
Sent: HelloWorld!
Received: HelloWorld!
Client started!
Received: delete 1
Sent: delete 1
Sent: OK
Received: OK
Client started!
Received: delete 1
Sent: delete 1
Sent: OK
Received: OK
Client started!
Received: get 1
Sent: get 1
Sent: ERROR
Received: ERROR
Client started!
Received: set 55 Some text here
Sent: set 55 Some text here
Sent: OK
Received: OK
Client started!
Received: get 55
Sent: get 55
Sent: Some text here
Received: Some text here
Client started!
Received: get 56
Sent: get 56
Sent: ERROR
Received: ERROR
Client started!
Received: delete 55
Sent: delete 55
Sent: OK
Received: OK
Client started!
Received: delete 56
Sent: delete 56
Sent: OK
Received: OK
Client started!
Received: delete 100
Sent: delete 100
Sent: OK
Received: OK
Client started!
Received: delete 1001
Sent: delete 1001
Sent: ERROR
Received: ERROR
Client started!
Received: exit
Sent: exit
Sent: OK
Received: OK
]]></system-out>
  <system-err><![CDATA[]]></system-err>
</testsuite>
